c:\users\z004zahs\desktop\nx_ascii_database_plugin\vs.proj\x64\debug\vc142.pdb
c:\users\z004zahs\desktop\nx_ascii_database_plugin\vs.proj\x64\debug\vc142.idb
c:\users\z004zahs\desktop\nx_ascii_database_plugin\vs.proj\x64\debug\explorerdialog.obj
c:\users\z004zahs\desktop\nx_ascii_database_plugin\vs.proj\x64\debug\plugindefinition.obj
c:\users\z004zahs\desktop\nx_ascii_database_plugin\vs.proj\x64\debug\nppplugindemo.obj
c:\users\z004zahs\desktop\nx_ascii_database_plugin\vs.proj\x64\debug\staticdialog.obj
c:\users\z004zahs\desktop\nx_ascii_database_plugin\vs.proj\x64\debug\gotolinedlg.obj
c:\users\z004zahs\desktop\nx_ascii_database_plugin\vs.proj\x64\debug\myformatfixerplugin.ilk
c:\users\z004zahs\desktop\nx_ascii_database_plugin\vs.proj\x64\debug\myformatfixerplugin.dll
c:\users\z004zahs\desktop\nx_ascii_database_plugin\vs.proj\x64\debug\myformatfixerplugin.pdb
c:\users\z004zahs\desktop\nx_ascii_database_plugin\vs.proj\x64\debug\myformatfixerplugin.lib
c:\users\z004zahs\desktop\nx_ascii_database_plugin\vs.proj\x64\debug\myformatfixerplugin.exp
c:\users\z004zahs\desktop\nx_ascii_database_plugin\vs.proj\x64\debug\goline.res
c:\users\z004zahs\desktop\nx_ascii_database_plugin\vs.proj\x64\debug\nppplugindemo.res
c:\users\z004zahs\desktop\nx_ascii_database_plugin\vs.proj\x64\debug\explorerdialog.res
c:\users\z004zahs\desktop\nx_ascii_database_helper_all\vs.proj\x64\debug\explorerdialog.obj
c:\users\z004zahs\desktop\nx_ascii_database_helper_all\vs.proj\x64\debug\gotolinedlg.obj
c:\users\z004zahs\desktop\nx_ascii_database_helper_all\vs.proj\x64\debug\nppplugindemo.obj
c:\users\z004zahs\desktop\nx_ascii_database_helper_all\vs.proj\x64\debug\plugindefinition.obj
c:\users\z004zahs\desktop\nx_ascii_database_helper_all\vs.proj\x64\debug\staticdialog.obj
c:\users\z004zahs\desktop\nx_ascii_database_helper_all\vs.proj\x64\debug\myformatfixerplugin.ilk
c:\users\z004zahs\desktop\nx_ascii_database_helper_all\vs.proj\x64\debug\explorerdialog.res
c:\users\z004zahs\desktop\nx_ascii_database_helper_all\vs.proj\x64\debug\goline.res
c:\users\z004zahs\desktop\nx_ascii_database_helper_all\vs.proj\x64\debug\nppplugindemo.res
c:\users\z004zahs\desktop\nx_ascii_database_helper_all\vs.proj\x64\debug\myformatfixerplugin.exp
c:\users\z004zahs\desktop\nx_ascii_database_helper_all\vs.proj\x64\debug\vc142.idb
c:\users\z004zahs\desktop\nx_ascii_database_helper_all\vs.proj\x64\debug\myformatfixerplugin.pdb
c:\users\z004zahs\desktop\nx_ascii_database_helper_all\vs.proj\x64\debug\vc142.pdb
c:\users\z004zahs\desktop\nx_ascii_database_helper_all\vs.proj\x64\debug\myformatfixerplugin.dll
c:\users\z004zahs\desktop\nx_ascii_database_helper_all\vs.proj\x64\debug\myformat.9d04dbd5.tlog\cl.command.1.tlog
c:\users\z004zahs\desktop\nx_ascii_database_helper_all\vs.proj\x64\debug\myformat.9d04dbd5.tlog\cl.read.1.tlog
c:\users\z004zahs\desktop\nx_ascii_database_helper_all\vs.proj\x64\debug\myformat.9d04dbd5.tlog\cl.write.1.tlog
c:\users\z004zahs\desktop\nx_ascii_database_helper_all\vs.proj\x64\debug\myformat.9d04dbd5.tlog\link.command.1.tlog
c:\users\z004zahs\desktop\nx_ascii_database_helper_all\vs.proj\x64\debug\myformat.9d04dbd5.tlog\link.read.1.tlog
c:\users\z004zahs\desktop\nx_ascii_database_helper_all\vs.proj\x64\debug\myformat.9d04dbd5.tlog\link.write.1.tlog
c:\users\z004zahs\desktop\nx_ascii_database_helper_all\vs.proj\x64\debug\myformat.9d04dbd5.tlog\myformatfixerplugin.write.1u.tlog
c:\users\z004zahs\desktop\nx_ascii_database_helper_all\vs.proj\x64\debug\myformat.9d04dbd5.tlog\rc.command.1.tlog
c:\users\z004zahs\desktop\nx_ascii_database_helper_all\vs.proj\x64\debug\myformat.9d04dbd5.tlog\rc.read.1.tlog
c:\users\z004zahs\desktop\nx_ascii_database_helper_all\vs.proj\x64\debug\myformat.9d04dbd5.tlog\rc.write.1.tlog
